[    .0000 Iitializing cou subsys ust
[    0.000000] Initiaizngcgroup subsys u[    0.000000] Intializing cgroup ssys cpuacct
[    0.000000] Linux versn .4.0-140geerc (buildd@lcy01-amd64-006)(gc ersion 5.4.0 20160609 (Ubuntu 5.4.0-6ubuntu1~16.04.10)  #166-Ubuntu SMP Wed N 14 20:9:7 C 22018 (Ubuntu 4.4.040166geerc 4.4.162)
[  00.0000] omand line: OT_IMAGE=/boot/vmlinu-4.4.0-140-generic root=LABEL=cloudimg-rootfs ro console=tty1 console=ttyS0
[    0.000000] KERNEL supported cpus:
[    0.000000]   Intel GenuineIntel
[    0.000000]   AMD AuthenticAMD
[    0.000000  Centaur CentaurHauls[    0.000000]x86/fp: xstate_offset[2]:  576, xstat_sze[2]:  56
[   0.000000] x86/fpu: Supporting AVE feature 0x01: 'x87 floating point registers'
[    0.000000] x86/fpu: Supporting XSAVE feature 0x02: 'SSE registers'
[    0.000000] x86/fpu: Supporting XSVE eature 0x04:'AX registers'
[    .0000] x86/u:Enbled xste features0x7, ntxt size is 832 bytes, using 'standa' ormat.
[    0.000000] e820: BIOS-provided physical RAM map:
[    0.000000] BIOS-e820: [mem 0x0000000000000000-0x000000000009fbff] usable
[    0.000000] BIOS-e820: [mem 0x000000000009fc00-0x000000000009fff] reserved
[    0.00000] BIOS-e820: em 0x00000000000-000000000000fffff] reserv
[    0.000000] BIOS-e820: [mem 0x00000000100000x00000003ffeffff] usable
[    0.000000] BIOS-e820: [mem 0x000000003fff0000-0x000000003ffffff] CP data
[   .0000] BOS-e820:me 00x000000ec0000-0x00000000feec0fff] reserved
[    0.000000] BIOS-e820: [mem 0x00000000fee00000-0x00000000fee00fff] reserved
[    0.000000] BIOS-e820: [mem 0x00000000fffc0000-0x00000000ffffffff] reserved
[    0.000000] NX (Execute Disable) protection: active
[    0.000000] SMBIOS 2.5 present.
[    0.000000] Hypervisor detected: KVM
[    0.000000] e820: last_pfn = 0x3fff0 max_arch_pfn = 0x400000000
[    0.000000] MTRR: Disabled
[    0.000000] x86/PAT: MTRRs disabled, skipping PAT intialization too.
[    0.000000]PU MTRRsll blank - virtualized system.
[    0.000000] x86/PAT: Configuration [0-7]: WB  WT  UC- UC  WB  W  C-UC  
   0000000] found SMP MP-abe at [mem 0x0009fff0-0x0009ffff] apped at [ffff88000009fff0]
[    0.000000] Scanning 1 areas for low memory corruption[   0.000000] MDSK [mem 0x33000-0x3717dff][    00000] ACPI: Ealy tabe heksm verification disabled
[  0.000000] ACPI: RSDP 0x00000000000E0000 000024 (v02 VBOX  )
[    0.000000] ACPI: XSDT 0x000000003FF00300003 (011 VBOX   VBOXXSDT 000001 ASL  00000061)
[    0.000000] ACPI: FACP 0x00000003FFF0F000F4 04VBX   VBOXFACP 00001 ASL  00000061)
[    0.000000] ACPI: DSDTx0000003FFF700021FF (v02 VX  VBOBIOS 00000002 INTL 200528)
[    0.000000] ACPI: FACS 0x000000003FFF0200 000040
[    0.000000] ACPI: FACS 0x000000003FFF0200 000040
[    0.000000] ACPI: APIC 0x000000003FFF0240 00005C (v02 VBOX   VBOXAPIC 00000001 ASL  00000061)
[    0.000000] ACPI: SSDT 0x000000003FFF02A0 0001CC (v01 VBOX   VBOXCPUT 00000002 INTL 20100528)
[    0.000000] No NUMA configuration found
[    0.000000] Faking a node at [mem 0x0000000000000000-0x000000003ffeffff]
[    0.000000] NODE_DATA(0) allocated [mem 0x3ffeb000-0x3ffeffff]
[    0.000000] kvm-clock: Using msrs 4b564d01 and 4b564d00
[    0.000000] kvm-clock: cpu 0, msr 0:3ffe3001, primary cpu clock
[    0.000000] kvm-clock: using sched offset of 6374810166 cycles
[    0.000000] clocksource: kvm-clock: mask: 0xffffffffffffffff max_cycles: 0x1cd42e4dffb, max_idle_ns: 881590591483 ns
[    0.000000] Zone ranges:
[    0.000000]   DMA      [mem 0x0000000000001000-0x0000000000ffffff]
[    0.000000]   DMA32    [mem 0x0000000001000000-0x000000003ffeffff]
[    0.000000]   Normal   empty
[    0.000000]   Device   empty
[    0.000000] Movable zone start for each node
[    0.00000] Early memory node raes
[    0.000000]   node   0: [mem 0x000000000000100-0x000000000009efff]
[    0.00000]   node   0: [mem 0x0000000000100000-0x000000003ffeffff]
[    0.000000] Initmem setup node 0 [mem 0x0000000000001000-0x000000003feffff]
[    0.000000] ACPI: PM-Timer IO ort 0408
[    0.000000] IOAPIC[: pic_id 2, version 32, address 0xfec00000, GSI 0-2
    0000000]CP: INT_SRC_OVR (bus 0 bus_irq 0 gloalir 2 dfl dfl)
   0.0000] CPI INTSR_O ((bus 0 buir 9 global_irq 9 low level)
[    0.00000 Using ACP (MADT) for SM cnfguration information
[    0.000000] smpboot: Allowing 2 CPUs, 0hoplg CPUs
[    0.000000] PM: Registered nosave memory: [mem 0x00000000-0x00000ff][   00.0000] M: Registre nsave meor: [m 0x0009f000-0x0009ffff
[   0.0000 PM: Registed nosave memory: [mem 0x00a0000-0x000effff]
[    0.000000] PM: Registered nosave emory: [mem 0x000f0000-0x000fffff]
[    0.000000] e820: [mem 0x400000000xfebfffff] available for PCI devices
[    0.000000] Booting paravirtualized kernel on KVM
[    0.0000] clckouce: efne-jiffies: mask: 0xffffffff max_cycles: 0xffffffff, max_idle_ns: 74519002156 n
[    0.000000] setup_percp N_CPUS:512 _cpumask_bits:512 nr_cpu_ids:2 nr_node_ids:1
[    0.000000] PERCPU: Embedded 34 pages/cu @ffff880fc0000s960 r8192 d31464 u1048576
[    0.000000] PV qspinlock hash table entries: 256 (order: 0, 4096 bytes)
[    0.000000] Built 1 zonelists in Node order, obliy roupinng on.  Tol ags: 257912[   0.000] olicy zon: MA32
[   0.000000] Keelcommand in: OOT_IMAE=bot/vmlinuz-4.4.0-140-generic root=LABEL=cloudimg-rootfs ro nsle=tty1 conol=ttyS0
[  0.000000] PID hash table entri: 4096 (order: 3, 32768 bytes)
[    0.000000] Memory: 997712K/1048120K available (8564K kernel code, 134K rwdata, 4008K rodata, 1528K init, 1316K bss, 0408K reserved, 0K cma-reserved)
[    0.000000] SL: HWalign=64, Order=0-3, MinObjects=0, CPUs=2, Nodes=1
[    0.0000000] Krnel/User page tables isolation: enabd
[    0.0000 Hierachcal RCU implementation.
[    0.0000 	uiild-time adjustment of leaf fanout to 64.
[    0.00000] RC restrictin CUs from NR_CPUS=12 to ncp_is=2.
[    0.000000] R: djusting geometry for u_anout_eaf=64, nr_cpu_is=
    00.0000 N_IRQS:3304 nr_iqs40 16
[    0.000000] Console: colour VGA+ 80x25
[    0.000000] console [tty1] enabled
[    0.000000] console [ttyS0] enabed
[    0.000000] tsc: Detected 1992.000 MHz processor
[    6.676487] Calibrating delay loop (skipped) preset value.. 3984.00 BogoMIPS (lpj=7968000)
[    6.744935] pid_max: default: 32768 minimum: 301
[    6.800613] ACPI: Core revision 20150930
[    6.849839] ACPI: 2 ACPI AML tables successfully acquired and loaded
[    6.901279] Security Framework initialized
[    6.937484] Yama: becoming mindful.
[    6.969363] AppArmor: AppArmor initialized
[    6.971596] Dentry cache hash table entries: 131072 (order: 8, 1048576 bytes)
[    6.977348] Inode-cache hash table entries: 65536 (order: 7, 524288 bytes)
[    6.990769] Mount-cache hash table entries: 2048 (order: 2, 16384 bytes)
[    6.994106] Mountpoint-cache hash table entries: 2048 (order: 2, 16384 bytes)
[    6.997806] Initializing cgroup subsys io
[    7.000068] Initializing cgroup subsys memory
[    7.010199] Initializing cgroup subsys devices
[    7.019357] Initializing cgroup subsys freezer
[    7.035817] Initializing cgroup subsys net_cls
[    7.059481] Initializing cgroup subsys perf_event
[    7.068778] Initializing cgroup subsys net_prio
[    7.072256] Initializing cgroup subsys hugetlb
[    7.093583] Initializing cgroup subsys pids
[    7.099596] mce: CPU supports 0 MCE banks
[    7.116590] Last level iTLB entries: 4KB 64, 2MB 8, 4MB 8
[    7.138857] Last level dTLB entries: 4KB 64, 2MB 0, 4MB 0, 1GB 4
[    7.144150] Spectre V2 : Mitigation: Full generic retpoline
[    7.151779] Spectre V2 : Spectre v2 mitigation: Speculation control IBPB not-supported IBRS not-supported
[    7.183531] Spectre V2 : Spectre v2 / SpectreRSB mitigation: Filling RSB on context switch
[    7.262327] Speculative Store Bypass: Vulnerable
[    7.286804] Freeing SMP alternatives memory: 32K
[    7.322027] ftrace: allocating 32287 entries in 127 pages
[    7.444742] smpboot: APIC(0) Converting physical 0 to logical package 0
[    7.528700] smpboot: Max logical packages: 1
[    7.536237] x2apic enabled
[    7.551709] Switched APIC routing to physical x2apic.
[    7.606619] ..TIMER: vector=0x30 apic1=0 pin1=2 apic2=-1 pin2=-1
[    7.728741] smpboot: CPU0: Intel(R) Core(TM) i5-6360U CPU @ 2.00GHz (family: 0x6, model: 0x4e, stepping: 0x3)
[    7.769587] Performance Events: unsupported p6 CPU model 78 no PMU driver, software events only.
[    7.789971] KVM setup paravirtual spinlock
[    7.835206] x86: Booting SMP configuration:
[    7.869776] .... node  #0, CPUs:      #1
[    7.908892] kvm-clock: cpu 1, msr 0:3ffe3041, secondary cpu clock
[    7.912871] mce: CPU supports 0 MCE banks
[    7.916558] x86: Booted up 1 node, 2 CPUs
[    7.933852] smpboot: Total of 2 processors activated (7968.00 BogoMIPS)
[    7.963006] devtmpfs: initialized
[    7.997325] evm: security.selinux
[    8.025432] evm: security.SMACK64
[    8.039845] evm: security.SMACK64EXEC
[    8.061541] evm: security.SMACK64TRANSMUTE
[    8.102042] evm: security.SMACK64MMAP
[    8.115728] evm: security.ima
[    8.149959] evm: security.capability
[    8.174435] clocksource: jiffies: mask: 0xffffffff max_cycles: 0xffffffff, max_idle_ns: 7645041785100000 ns
[    8.179931] futex hash table entries: 512 (order: 3, 32768 bytes)
[    8.182902] pinctrl core: initialized pinctrl subsystem
[    8.184827] RTC time: 17:18:37, date: 12/16/18
[    8.195092] NET: Registered protocol family 16
[    8.209534] cpuidle: using governor ladder
[    8.241113] cpuidle: using governor menu
[    8.247892] PCCT header not found.
[    8.256400] ACPI: bus type PCI registered
[    8.270727] acpiphp: ACPI Hot Plug PCI Controller Driver version: 0.5
[    8.282541] PCI: Using configuration type 1 for base access
[    8.309762] ACPI: Added _OSI(Module Device)
[    8.353991] ACPI: Added _OSI(Processor Device)
[    8.390282] ACPI: Added _OSI(3.0 _SCP Extensions)
[    8.438239] ACPI: Added _OSI(Processor Aggregator Device)
[    8.463867] ACPI: Executed 1 blocks of module-level executable AML code
[    8.478658] ACPI: Interpreter enabled
[    8.480937] ACPI: (supports S0 S5)
[    8.496582] ACPI: Using IOAPIC for interrupt routing
[    8.525214] PCI: Using host bridge windows from ACPI; if necessary, use "pci=nocrs" and report a bug
[    8.559244] ACPI: PCI Root Bridge [PCI0] (domain 0000 [bus 00-ff])
[    8.572011] acpi PNP0A03:00: _OSC: OS supports [ASPM ClockPM Segments MSI]
[    8.635148] acpi PNP0A03:00: _OSC: not requesting OS control; OS requires [ExtendedConfig ASPM ClockPM MSI]
[    8.651908] acpi PNP0A03:00: fail to add MMCONFIG information, can't access extended PCI configuration space under this bridge.
[    8.707019] PCI host bridge to bus 0000:00
[    8.772669] pci_bus 0000:00: root bus resource [io  0x0000-0x0cf7 window]
[    8.812282] pci_bus 0000:00: root bus resource [io  0x0d00-0xffff window]
[    8.833213] pci_bus 0000:00: root bus resource [mem 0x000a0000-0x000bffff window]
[    8.927296] pci_bus 0000:00: root bus resource [mem 0x40000000-0xfdffffff window]
[    8.970639] pci_bus 0000:00: root bus resource [bus 00-ff]
[    8.977533] pci 0000:00:01.1: legacy IDE quirk: reg 0x10: [io  0x01f0-0x01f7]
[    9.064469] pci 0000:00:01.1: legacy IDE quirk: reg 0x14: [io  0x03f6]
[    9.096571] pci 0000:00:01.1: legacy IDE quirk: reg 0x18: [io  0x0170-0x0177]
[    9.136832] pci 0000:00:01.1: legacy IDE quirk: reg 0x1c: [io  0x0376]
[    9.182014] pci 0000:00:07.0: quirk: [io  0x4000-0x403f] claimed by PIIX4 ACPI
[    9.237817] pci 0000:00:07.0: quirk: [io  0x4100-0x410f] claimed by PIIX4 SMB
[    9.277783] ACPI: PCI Interrupt Link [LNKA] (IRQs 5 9 10 *11)
[    9.306666] ACPI: PCI Interrupt Link [LNKB] (IRQs 5 9 *10 11)
[    9.358675] ACPI: PCI Interrupt Link [LNKC] (IRQs 5 *9 10 11)
[    9.390113] ACPI: PCI Interrupt Link [LNKD] (IRQs 5 9 10 *11)
[    9.393216] ACPI: Enabled 2 GPEs in block 00 to 07
[    9.396390] vgaarb: setting as boot device: PCI:0000:00:02.0
[    9.399376] vgaarb: device added: PCI:0000:00:02.0,decodes=io+mem,owns=io+mem,locks=none
[    9.403255] vgaarb: loaded
[    9.404829] vgaarb: bridge control possible 0000:00:02.0
[    9.407587] SCSI subsystem initialized
[    9.409804] ACPI: bus type USB registered
[    9.411373] usbcore: registered new interface driver usbfs
[    9.419904] usbcore: registered new interface driver hub
[    9.438931] usbcore: registered new device driver usb
[    9.460710] PCI: Using ACPI for IRQ routing
[    9.479998] NetLabel: Initializing
[    9.494090] NetLabel:  domain hash size = 128
[    9.511500] NetLabel:  protocols = UNLABELED CIPSOv4
[    9.527930] NetLabel:  unlabeled traffic allowed by default
[    9.542242] amd_nb: Cannot enumerate AMD northbridges
[    9.552581] clocksource: Switched to clocksource kvm-clock
[    9.54850] AppAmo: pprmr Filesystem Enabled
[    9.742244] pnp: PnP ACPI init
[    9.745520] pnp: PnP ACPI: found 3 devices

[    9.7598] clocksource:acpi_pm: mask: 0xffffff ma_cycle: 0xffffff, max_idle_ns: 2085701024 ns
[    9.951063] NET: Registered protocol family 2
[    9.953595] TP established hash table entries: 8192 (order: 4, 65536bytes)

[   10.023416] TCP bind hash table entries: 8192 (order: 5, 131072 bytes)
[ 1002697] TCP: Hash tables configured (established 8192 bind 8192)
[  11462] UDP hh ableenies: 512 (order: 2, 16384 bytes)
[   10.415313] UDP-Lite hash table entries: 512 (order: 2, 16384 bytes)
[ 104148] ET Registered proocol family 1
[   10.617194] pci 0000:00:00.0: Limiting direct PCI/PCI transfers
[   10.619365] pci 0000:00:01.0: Activating ISA DMA hang workarounds
[   10.622144] Unpacking initramfs...
[   10.939023] Freeing initrd memory: 14792K
[   10.969691] platform rtc_cmos: registered platform RTC device (no PNP device found)
[   10.973306] Scanning for low memory corruption every 60 seconds
[   11.005243] audit: initializing netlink subsys (disabled)
[   11.026525] audit: type=2000 audit(1544980718.885:1): initialized
[   11.101050] Initialise system trusted keyring
[   11.112128] HugeTLB registered 2 MB page size, pre-allocated 0 pages
[   11.196483] zbud: loaded
[   11.214900] VFS: Disk quotas dquot_6.6.0
[   11.236692] VFS: Dquot-cache hash table entries: 512 (order 0, 4096 bytes)
[   11.256003] squashfs: version 4.0 (2009/01/31) Phillip Lougher
[   11.319713] fuse init (API version 7.23)
[   11.32185] Key type b_k rgitere
  1.530322] Allocating IMA MOK ad laklsteyin.

[   11.843380] Key type asymmetric registered
[   11.845643] Asymmetric key parser 'x509' registered
[   11.848494] Block layer SCSI generic (bsg) driver version 0.4 loaded (major 249)
[   11.862612] io scheduler noop registered
[   11.883395] io scheduler deadline registered (default)
[   11.888295] io scheduler cfq registered
[   11.891585] pci_hotplug: PCI Hot Plug PCI Core version: 0.5
[   11.901928] pciehp: PCI Express Hot Plug Controller Driver version: 0.4
[   11.920655] ACPI: AC Adapter [AC] (off-line)
[   11.949275] input: Power Button as /devices/LNXSYSTM:00/LNXPWRBN:00/input/input0
[   11.968782] tsc: Refined TSC clocksource calibration: 1992.000 MHz
[   11.968785] clocksource: tsc: mask: 0xffffffffffffffff max_cycles: 0x396d519840e, max_idle_ns: 881590569543 ns
[   12.007624] ACPI: Power Button [PWRF]
[   12.009871] input: Sleep Button as /devices/LNXSYSTM:00/LNXSLPBN:00/input/input1
[   12.069773] ACPI: Sleep Button [SLPF]
[   12.101665] GHES: HEST is not enabled!
[   12.103851] ACPI: Battery Slot [BAT0] (battery present)
[   12.103956] Serial: 8250/16550 driver, 32 ports, IRQ sharing enabled
[   12.131922] 00:02: ttyS0 at I/O 0x3f8 (irq = 4, base_baud = 115200) is a 16550A
[   12.150192] Linux agpgart interface v0.103
[   12.157075] loop: module loaded
[   12.181909] scsi host0: ata_piix
[   12.199842] scsi host1: ata_piix
[   12.225228] ata1: PATA max UDMA/33 cmd 0x1f0 ctl 0x3f6 bmdma 0xd000 irq 14
[   12.261203] ata2: PATA max UDMA/33 cmd 0x170 ctl 0x376 bmdma 0xd008 irq 15
[   12.302108] libph: xeMDIO Bus: probed
[   12.457915]un: ivrsl TUN/TAP devicerier 16
[   12.744652] tun: (C) 1999-2004 Max Krasnyansky <maxk@qualcomm.com>
[   12.747812] PPP generic driver version 2.4.2
[   12.769807] ehci_hcd: USB 2.0 'Enhanced' Host Controller (EHCI) Driver
[   12.773022] ehci-pci: EHCI PCI platform driver
[   12.794731] ehci-platform: EHCI generic platform driver
[   12.818311] ohci_hcd: USB 1.1 'Open' Host Controller (OHCI) Driver
[   12.855026] ohci-pci: OHCI PCI platform driver
[   12.869674] ohci-platform: OHCI generic platfordriver
[  12.923904] uhci_hcd: USB Universal Host Controller Interface driver
[   13.001399] i8042: PNP: PS/2 Controller [PNP0303:PS2K,PNP0f03:PS2M] at 0x60,0x64 irq 1,12
[   13.021452] serio: i8042 KBD port at 0x60,0x64 irq 1
[   13.023328] serio: i8042 AUX port at 0x60,0x64 irq 12
[   13.025809] mousedev: PS/2 mouse device common for all mice
[   13.039864] input: AT Translated Set 2 keyboard as /devices/platform/i8042/serio0/input/input2
[   13.044912] rtc_cmos rtc_cmos: rtc core: registered rtc_cmos as rtc0
[   13.047103] rtc_cmos rtc_cmos: alarms up to one day, 114 bytes nvram
[   13.049432] i2c /dev entries driver
[   13.050932] device-mapper: uevent: version 1.0.3
[   13.053822] device-mapper: ioctl: 4.34.0-ioctl (2015-10-28) initialised: dm-devel@redhat.com
[   13.072491] ledtrig-cpu: registered to indicate activity on CPUs
[   13.088752] NET: Registered protocol family 10
[   13.107713] NET: Registered protocol family 17
[   13.125652] Key type dns_resolver registered
[   13.152692] registered taskstats version 1
[   13.159082] Loading compiled-in X.509 certificates
[   13.180510] Loaded X.509 cert 'Build time autogenerated kernel key: 2b5438463a545abf193c13ead155e0657f6c69dd'
[   13.188402] zswap: loaded using pool lzo/zbud
[   13.205928] Key type trusted registered
[   13.215260] Key type encrypted registered
[   13.223192] AppArmor: AppArmor sha1 policy hashing enabled
[   13.234878] ima: No TPM chip found, activating TPM-bypass!
[   13.268474] ima: Allocated hash algorithm: sha1
[   13.314552] evm: HMAC attrs: 0x1
[   13.325086]   Magic number: 14:314:340
[   13.327913] rtc_cmos rtc_cmos: setting system clock to 2018-12-16 17:18:42 UTC (1544980722)
[   13.364881] BIOS EDD facility v0.16 2004-Jun-25, 0 devices found
[   13.427033] EDD information not available.
[   13.446600] Freeing unused kernel memory: 1528K
[   13.473102] Write protecting the kernel read-only data: 14336k
[   13.481486] Freeing unused kernel memory: 1664K
[   13.483914] Freeing unused kernel memory: 88K
Loading, please [   13.987648] random: systemd-udevd: uninitialized urandom read (16 bytes read, 5 bits of entropy available)
wait...
starting version 229
[   13.988293] random: udevadm: uninitialized urandom read (16 bytes read, 5 bits of entropy available)
[   13.988312] random: udevadm: uninitialized urandom read (16 bytes read, 5 bits of entropy available)
[   13.997058] random: udevadm: uninitialized urandom read (16 bytes read, 5 bits of entropy available)
[   13.997098] random: udevadm: uninitialized urandom read (16 bytes read, 5 bits of entropy available)
[   13.997220] random: udevadm: uninitialized urandom read (16 bytes read, 5 bits of entropy available)
[   13.997263] random: udevadm: uninitialized urandom read (16 bytes read, 5 bits of entropy available)
[   13.997307] random: udevadm: uninitialized urandom read (16 bytes read, 5 bits of entropy available)
[   13.997353] random: udevadm: uninitialized urandom read (16 bytes read, 5 bits of entropy available)
[   13.997393] random: udevadm: uninitialized urandom read (16 bytes read, 5 bits of entropy available)
[   14.277268] e1000: Intel(R) PRO/1000 Network Driver - version 7.3.21-k8-NAPI
[   14.295047] e1000: Copyright (c) 1999-2006 Intel Corporation.
[   14.324817] Fusion MPT base driver 3.04.20
[   14.345011] Copyright (c) 1999-2008 LSI Corporation
[   14.362626] Fusion MPT SPI Host driver 3.04.20
[   14.428591] AVX2 version of gcm_enc/dec engaged.
[   14.433255] AES CTR mode by8 optimization enabled
[   14.601526] input: ImExPS/2 Generic Explorer Mouse as /devices/platform/i8042/serio1/input/input4
[   14.852883] e1000 0000:00:03.0 eth0: (PCI:33MHz:32-bit) 02:ad:cb:40:33:ef
[   14.881937] e1000 0000:00:03.0 eth0: Intel(R) PRO/1000 Network Connection
[   15.496979] e1000 0000:00:08.0 eth1: (PCI:33MHz:32-bit) 08:00:27:86:7b:40
[   15.499792] e1000 0000:00:08.0 eth1: Intel(R) PRO/1000 Network Connection
[   16.054905] e1000 0000:00:09.0 eth2: (PCI:33MHz:32-bit) 08:00:27:0a:f0:6b
[   16.058094] e1000 0000:00:09.0 eth2: Intel(R) PRO/1000 Network Connection
[   16.065290] e1000 0000:00:03.0 enp0s3: renamed from eth0
[   16.086129] mptbase: ioc0: Initiating bringup
[   16.117732] e1000 0000:00:08.0 enp0s8: renamed from eth1
[   16.129079] e1000 0000:00:09.0 enp0s9: renamed from eth2
[   16.185324] ioc0: LSI53C1030 A0: Capabilities={Initiator}
[   16.882002] scsi host2: ioc0: LSI53C1030 A0, FwRev=00000000h, Ports=1, MaxQ=256, IRQ=20
[   17.249669] scsi 2:0:0:0: Direct-Access     VBOX     HARDDISK         1.0  PQ: 0 ANSI: 5
[   17.328494] scsi target2:0:0: Beginning Domain Validation
[   17.343582] scsi target2:0:0: Domain Validation skipping write tests
[   17.346104] scsi target2:0:0: Ending Domain Validation
[   17.371264] scsi target2:0:0: asynchronous
[   17.412270] scsi 2:0:1:0: Direct-Access     VBOX     HARDDISK         1.0  PQ: 0 ANSI: 5
[   17.459767] scsi target2:0:1: Beginning Domain Validation
[   17.503432] scsi target2:0:1: Domain Validation skipping write tests
[   17.505829] scsi target2:0:1: Ending Domain Validation
[   17.507763] scsi target2:0:1: asynchronous
[   17.546364] sd 2:0:0:0: Attached scsi generic sg0 type 0
[   17.546603] sd 2:0:0:0: [sda] 20971520 512-byte logical blocks: (10.7 GB/10.0 GiB)
[   17.546982] sd 2:0:0:0: [sda] Write Protect is off
[   17.547191] sd 2:0:0:0: [sda] Incomplete mode parameter data
[   17.547193] sd 2:0:0:0: [sda] Assuming drive cache: write through
[   17.550441]  sda: sda1
[   17.551758] sd 2:0:0:0: [sda] Attached SCSI disk
[   17.786272] sd 2:0:1:0: Attached scsi generic sg1 type 0
[   17.829741] sd 2:0:1:0: [sdb] 20480 512-byte logical blocks: (10.5 MB/10.0 MiB)
[   17.833864] sd 2:0:1:0: [sdb] Write Protect is off
[   17.865371] sd 2:0:1:0: [sdb] Incomplete mode parameter data
[   18.510002] sd 2:0:1:0: [sdb] Assuming drive cache: write through
[   18.563007] sd 2:0:1:0: [sdb] Attached SCSI disk
Begin: Loading e[   19.991638] md: linear personality registered for level -1
ssential drivers[   20.047274] md: multipath personality registered for level -4
 ... [   20.066436] md: raid0 personality registered for level 0
[   20.094847] md: raid1 personality registered for level 1
[   20.188948] raid6: sse2x1   gen()  9681 MB/s
[   20.268818] raid6: sse2x1   xor()  7135 MB/s
[   20.368995] raid6: sse2x2   gen()  9076 MB/s
[   20.445100] raid6: sse2x2   xor()  3887 MB/s
[   20.524799] raid6: sse2x4   gen() 10520 MB/s
[   20.616859] raid6: sse2x4   xor()  9503 MB/s
[   20.696836] raid6: avx2x1   gen() 18767 MB/s
[   20.792725] raid6: avx2x2   gen() 22889 MB/s
[   20.868984] raid6: avx2x4   gen() 24999 MB/s
[   20.910382] raid6: using algorithm avx2x4 gen() 24999 MB/s
[   20.957435] raid6: using avx2x2 recovery algorithm
[   20.972399] xor: automatically using best checksumming function:
[   21.036808]    avx       : 26097.000 MB/sec
[   21.062094] async_tx: api initialized (async)
[   21.099469] md: raid6 personality registered for level 6
[   21.112996] md: raid5 personality registered for level 5
[   21.141936] md: raid4 personality registered for level 4
[   21.156136] md: raid10 personality registered for level 10
done.
Begin: Running /scripts/init-premount ... done.
Begin: Mounting root file system ... Begin: Running /scripts/local-top ... done.
Begin: Running /scripts/local-premount ..[   21.255710] Btrfs loaded
. Scanning for Btrfs filesystems
done.
Warning: fsck not present, so skipping root file[   21.367053] EXT4-fs (sda1): mounted filesystem with ordered data mode. Opts: (null)
 system
done.
Begin: Running /scripts/local-bottom ... done.
Begin: Running /scripts/init-bottom ... done.
[   21.716091] systemd[1]: systemd 229 running in system mode. (+PAM +AUDIT +SELINUX +IMA +APPARMOR +SMACK +SYSVINIT +UTMP +LIBCRYPTSETUP +GCRYPT +GNUTLS +ACL +XZ -LZ4 +SECCOMP +BLKID +ELFUTILS +KMOD -IDN)
[   21.834257] systemd[1]: Detected virtualization oracle.
[   21.837687] systemd[1]: Detected architecture x86-64.

Welcome to [1mUbuntu 16.04.5 LTS[0m!

[   21.903209] systemd[1]: Set hostname to <ansible-docker-nginx>.
[   22.084399] random: nonblocking pool is initialized
[   22.381330] systemd[1]: Reached target Swap.
[[0;32m  OK  [0m] Reached target Swap.
[   22.393657] systemd[1]: Listening on udev Kernel Socket.
[[0;32m  OK  [0m] Listening on udev Kernel Socket.
[   22.445246] systemd[1]: Listening on udev Control Socket.
[[0;32m  OK  [0m] Listening on udev Control Socket.
[   22.469666] systemd[1]: Listening on LVM2 metadata daemon socket.
[[0;32m  OK  [0m] Listening on LVM2 metadata daemon socket.
[   22.521325] systemd[1]: Reached target User and Group Name Lookups.
[[0;32m  OK  [0m] Reached target User and Group Name Lookups.
[   22.640921] systemd[1]: Listening on Device-mapper event daemon FIFOs.
[[0;32m  OK  [0m] Listening on Device-mapper event daemon FIFOs.
[   22.732125] systemd[1]: Listening on /dev/initctl Compatibility Named Pipe.
[[0;32m  OK  [0m] Listening on /dev/initctl Compatibility Named Pipe.
[   22.785685] systemd[1]: Reached target System Time Synchronized.
[[0;32m  OK  [0m] Reached target System Time Synchronized.
[   22.813746] systemd[1]: Created slice System Slice.
[[0;32m  OK  [0m] Created slice System Slice.
[   22.839512] systemd[1]: Created slice system-serial\x2dgetty.slice.
[[0;32m  OK  [0m] Created slice system-serial\x2dgetty.slice.
[   22.894468] systemd[1]: Started Trigger resolvconf update for networkd DNS.
[[0;32m  OK  [0m] Started Trigger resolvconf update for networkd DNS.
[   22.924697] systemd[1]: Listening on LVM2 poll daemon socket.
[[0;32m  OK  [0m] Listening on LVM2 poll daemon socket.
[   22.969980] systemd[1]: Set up automount Arbitrary Executable File Formats File System Automount Point.
[[0;32m  OK  [0m] Set up automount Arbitrary Executab...ats File System Automount Point.
[   22.989733] systemd[1]: Reached target Encrypted Volumes.
[[0;32m  OK  [0m] Reached target Encrypted Volumes.
[   22.998918] systemd[1]: Listening on Journal Socket.
[[0;32m  OK  [0m] Listening on Journal Socket.
[   23.049288] systemd[1]: Starting Set console keymap...
         Starting Set console keymap...
[   23.104896] systemd[1]: Starting Create list of required static device nodes for the current kernel...
         Starting Create list of required st... nodes for the current kernel...
[   23.142182] systemd[1]: Starting Monitoring of LVM2 mirrors, snapshots etc. using dmeventd or progress polling...
         Starting Monitoring of LVM2 mirrors... dmeventd or progress polling...
[   23.166703] systemd[1]: Starting Remount Root and Kernel File Systems...
         Startin[   23.191584] EXT4-fs (sda1): re-mounted. Opts: (null)
g Remount Root and Kernel File Systems...
[   23.285591] systemd[1]: Mounting Huge Pages File System...
         Mounting Huge Pages File System...
[   23.333222] systemd[1]: Mounting Debug File System...
         Mounting Debug File System...
[   23.347388] systemd[1]: Starting Nameserver information manager...
         Starting Nameserver information manager...
[   23.352509] systemd[1]: Starting Uncomplicated firewall...
         Starting Uncomplicated firewall...
[   23.393022] systemd[1]: Starting Load Kernel Modules...
         Starting Load Kernel Modules...
[   23.409402] systemd[1]: Listening on Syslog Socket.
[   23.416172] Loading iSCSI transport class v2.0-870.
[[0;32m  OK  [0m] Listening on Syslog Socket.[   23.430043] iscsi: registered transport (tcp)

[   23.521557] systemd[1]: Listening on Journal Socket (/dev/log).
[[0;32m  OK  [0m] Listening on Journal Socket (/dev/log).
[   23.544921] systemd[1]: Mounting POSIX Message Queue File System...
         Mounting POSIX Message Queue File System...
[   23.557136] systemd[1]: Started Forward Password Requests to Wall Directory Watch.
[[0;32m  OK  [0m] Started Forward Password Requests to Wall Direct[   23.571248] iscsi: registered transport (iser)
ory Watch.
[   23.625852] systemd[1]: Created slice User and Session Slice.
[[0;32m  OK  [0m] Created slice User and Session Slice.
[   23.659971] systemd[1]: Reached target Slices.
[[0;32m  OK  [0m] Reached target Slices.
[   23.705428] systemd[1]: Listening on Journal Audit Socket.
[[0;32m  OK  [0m] Listening on Journal Audit Socket.
[   23.757491] systemd[1]: Starting Journal Service...
         Starting Journal Service...
[   23.782832] systemd[1]: Mounted Debug File System.
[[0;32m  OK  [0m] Mounted Debug File System.
[   23.802770] systemd[1]: Mounted Huge Pages File System.
[[0;32m  OK  [0m] Mounted Huge Pages File System.
[   23.849064] systemd[1]: Mounted POSIX Message Queue File System.
[[0;32m  OK  [0m] Mounted POSIX Message Queue File System.
[   23.944340] systemd[1]: Started Journal Service.
[[0;32m  OK  [0m] Started Journal Service.
[[0;32m  OK  [0m] Started Set console keymap.
[[0;32m  OK  [0m] Started Create list of required sta...ce nodes for the current kernel.
[[0;32m  OK  [0m] Started Remount Root and Kernel File Systems.
[[0;32m  OK  [0m] Started Uncomplicated firewall.
[[0;32m  OK  [0m] Started Load Kernel Modules.
[[0;32m  OK  [0m] Started Nameserver information manager.
[[0;32m  OK  [0m] Started LVM2 metadata daemon.
         Starting Apply Kernel Variables...
         Mounting FUSE Control File System...
         Starting Load/Save Random Seed...
         Starting udev Coldplug all Devices...
         Starting Create Static Device Nodes in /dev...
         Starting Flush Journal to Persistent Storage...
[[0;32m  OK  [0m] Mounted FUSE Control File System.
[[0;32m  OK  [0m] Started Apply Kernel Variables.
[[0;32m  OK  [0m] Started Load/Save Random Seed.
[[0;32m  OK  [0m] Started Create Static Device Nodes in /dev.
[[0;32m  OK  [0m] Started Monitoring of LVM2 mirrors,...ng dmeventd or progress polling.
[[0;32m  OK  [0m] Started udev Coldplug all Devices.
[[0;32m  OK  [0m] Reached target Local File Systems (Pre).
[[0;32m  OK  [0m] Reached target Local File Systems.
         Starting Initial cloud-init job (pre-networking)...
         Starting Set console font and keymap...
         Starting LSB: AppArmor initialization...
         Starting Tell Plymouth To Write Out Runtime Data...
         Starting udev Kernel Device Manager...
[[0;32m  OK  [0m] Started Flush Journal to Persistent Storage.
[[0;32m  OK  [0m] Started Tell Plymouth To Write Out Runtime Data.
         Starting Create Volatile Files and Directories...
[[0;32m  OK  [0m] Started Create Volatile Files and Directories.
         Starting Update UTMP about System Boot/Shutdown...
[[0;32m  OK  [0m] Started Update UTMP about System Boot/Shutdown.
[[0;32m  OK  [0m] Started udev Kernel Device Manager.
[[0;32m  OK  [0m] Started Dispatch Password Requests to Console Directory Watch.
[[0;32m  OK  [0m] Started LSB: AppArmor initialization.
[[0;32m  OK  [0m] Found device /dev/ttyS0.
[[0;32m  OK  [0m] Listening on Load/Save RF Kill Switch Status /dev/rfkill Watch.
[[0;32m  OK  [0m] Started Set console font and keymap.
[[0;32m  OK  [0m] Created slice system-getty.slice.
[[0;32m  OK  [0m] Found device 82540EM Gigabit Ethern...r (PRO/1000 MT Desktop Adapter).
[[0;32m  OK  [0m] Found device 82540EM Gigabit Ethern...r (PRO/1000 MT Desktop Adapter).
[   17.801158] cloud-init[462]: Cloud-init v. 18.4-0ubuntu1~16.04.2 running 'init-local' at Sun, 16 Dec 2018 17:18:55 +0000. Up 17.47 seconds.
[[0;32m  OK  [0m] Started Initial cloud-init job (pre-networking).
[[0;32m  OK  [0m] Reached target Network (Pre).
         Starting Raise network interfaces...
[[0;32m  OK  [0m] Started ifup for enp0s8.
[[0;32m  OK  [0m] Started ifup for enp0s3.
[[0;32m  OK  [0m] Started Raise network interfaces.
[[0;32m  OK  [0m] Reached target Network.
         Starting Initial cloud-init job (metadata service crawler)...
[   18.840738] cloud-init[1078]: Cloud-init v. 18.4-0ubuntu1~16.04.2 running 'init' at Sun, 16 Dec 2018 17:18:56 +0000. Up 18.50 seconds.
[   18.869079] cloud-init[1078]: ci-info: +++++++++++++++++++++++++++++++++++++++Net device info+++++++++++++++++++++++++++++++++++++++
[   18.875572] cloud-init[1078]: ci-info: +--------+-------+-----------------------------+---------------+--------+-------------------+
[   18.893269] cloud-init[1078]: ci-info: | Device |   Up  |           Address           |      Mask     | Scope  |     Hw-Address    |
[   18.903089] cloud-init[1078]: ci-info: +--------+-------+-----------------------------+---------------+--------+-------------------+
[   18.909363] cloud-init[1078]: ci-info: | enp0s3 |  True |          10.0.2.15          | 255.255.255.0 | global | 02:ad:cb:40:33:ef |
[   18.957050] cloud-init[1078]: ci-info: | enp0s3 |  True |  fe80::ad:cbff:fe40:33ef/64 |       .       |  link  | 02:ad:cb:40:33:ef |
[   18.957862] cloud-init[1078]: ci-info: | enp0s8 |  True |        192.168.61.10        | 255.255.255.0 | global | 08:00:27:86:7b:40 |
[   18.958301] cloud-init[1078]: ci-info: | enp0s8 |  True | fe80::a00:27ff:fe86:7b40/64 |       .       |  link  | 08:00:27:86:7b:40 |
[   18.958724] cloud-init[1078]: ci-info: | enp0s9 | False |              .              |       .       |   .    | 08:00:27:0a:f0:6b |
[   18.959189] cloud-init[1078]: ci-info: |   lo   |  True |          127.0.0.1          |   255.0.0.0   |  host  |         .         |
[[0;32m  OK  [0m] Started Initial cloud-init job (metadata service crawler).
[   18.959586] cloud-init[1078]: ci-info: |   lo   |  True |           ::1/128           |       .       |  host  |         .         |
[   19.153541] cloud-init[1078]: ci-info: +--------+-------+-----------------------------+---------------+--------+-------------------+
[   19.154391] cloud-init[1078]: ci-info: ++++++++++++++++++++++++++++Route IPv4 info++++++++++++++++++++++++++++
[   19.154960] cloud-init[1078]: ci-info: +-------+--------------+----------+---------------+-----------+-------+
[   19.155342] cloud-init[1078]: ci-info: | Route | Destination  | Gateway  |    Genmask    | Interface | Flags |
[   19.155845] cloud-init[1078]: ci-info: +-------+--------------+----------+---------------+-----------+-------+
[   19.156565] cloud-init[1078]: ci-info: |   0   |   0.0.0.0    | 10.0.2.2 |    0.0.0.0    |   enp0s3  |   UG  |
[   19.156952] cloud-init[1078]: ci-info: |   1   |   10.0.2.0   | 0.0.0.0  | 255.255.255.0 |   enp0s3  |   U   |
[   19.157340] cloud-init[1078]: ci-info: |   2   | 192.168.61.0 | 0.0.0.0  | 255.255.255.0 |   enp0s8  |   U   |
[   19.157790] cloud-init[1078]: ci-info: +-------+--------------+----------+---------------+-----------+-------+
[   19.158222] cloud-init[1078]: ci-info: +++++++++++++++++++Route IPv6 info+++++++++++++++++++
[   19.158705] cloud-init[1078]: ci-info: +-------+-------------+---------+-----------+-------+
[   19.159116] cloud-init[1078]: ci-info: | Route | Destination | Gateway | Interface | Flags |
[   19.159543] cloud-init[1078]: ci-info: +-------+-------------+---------+-----------+-------+
[   19.159936] cloud-init[1078]: ci-info: |   0   |  fe80::/64  |    ::   |   enp0s8  |   U   |
[   19.160719] cloud-init[1078]: ci-info: |   1   |  fe80::/64  |    ::   |   enp0s3  |   U   |
[   19.161095] cloud-init[1078]: ci-info: |   4   |   ff00::/8  |    ::   |   enp0s8  |   U   |
[   19.161474] cloud-init[1078]: ci-info: |   5   |   ff00::/8  |    ::   |   enp0s3  |   U   |
[   19.161880] cloud-init[1078]: ci-info: +-------+-------------+---------+-----------+-------+
[[0;32m  OK  [0m] Reached target Cloud-config availability.
[[0;32m  OK  [0m] Reached target System Initialization.
[[0;32m  OK  [0m] Listening on UUID daemon activation socket.
[[0;32m  OK  [0m] Started ACPI Events Check.
[[0;32m  OK  [0m] Reached target Paths.
[[0;32m  OK  [0m] Started Daily apt download activities.
[[0;32m  OK  [0m] Started Daily apt upgrade and clean activities.
         Starting Socket activation for snappy daemon.
         Starting LXD - unix socket.
[[0;32m  OK  [0m] Started Daily Cleanup of Temporary Directories.
[[0;32m  OK  [0m] Reached target Timers.
[[0;32m  OK  [0m] Listening on D-Bus System Message Bus Socket.
[[0;32m  OK  [0m] Listening on ACPID Listen Socket.
[[0;32m  OK  [0m] Reached target Network is Online.
         Starting iSCSI initiator daemon (iscsid)...
[[0;32m  OK  [0m] Listening on Socket activation for snappy daemon.
[[0;32m  OK  [0m] Listening on LXD - unix socket.
[[0;32m  OK  [0m] Reached target Sockets.
[[0;32m  OK  [0m] Reached target Basic System.
[[0;32m  OK  [0m] Started Unattended Upgrades Shutdown.
         Starting Virtualbox guest utils...
         Starting Accounts Service...
         Starting LSB: MD monitoring daemon...
         Starting LSB: Record successful boot for GRUB...
[[0;32m  OK  [0m] Started D-Bus System Message Bus.
         Starting OpenBSD Secure Shell server...
         Starting Snappy daemon...
[[0;32m  OK  [0m] Started ACPI event daemon.
         Starting /etc/rc.local Compatibility...
[[0;32m  OK  [0m] Started FUSE filesystem for LXC.
         Starting System Logging Service...
[[0;32m  OK  [0m] Started Regular background program processing daemon.
         Starting Login Service...
         Starting LXD - container startup/shutdown...
[[0;32m  OK  [0m] Started Deferred execution scheduler.
[[0;32m  OK  [0m] Started iSCSI initiator daemon (iscsid).
[[0;32m  OK  [0m] Started /etc/rc.local Compatibility.
[[0;32m  OK  [0m] Started OpenBSD Secure Shell server.
[[0;32m  OK  [0m] Started System Logging Service.
         Starting Authenticate and Authorize Users to Run Privileged Tasks...
         Starting Login to default iSCSI targets...
[[0;32m  OK  [0m] Started LSB: MD monitoring daemon.
[[0;32m  OK  [0m] Started LSB: Record successful boot for GRUB.
[[0;32m  OK  [0m] Started Login Service.
[[0;32m  OK  [0m] Started Authenticate and Authorize Users to Run Privileged Tasks.
[[0;32m  OK  [0m] Started Accounts Service.
[[0;32m  OK  [0m] Started Virtualbox guest utils.
[[0;32m  OK  [0m] Started Login to default iSCSI targets.
[[0;32m  OK  [0m] Reached target Remote File Systems (Pre).
[[0;32m  OK  [0m] Reached target Remote File Systems.
         Starting Permit User Sessions...
         Starting LSB: Set the CPU Frequency Scaling governor to "ondemand"...
         Starting LSB: automatic crash report generation...
         Starting LSB: daemon to balance interrupts for SMP systems...
[[0;32m  OK  [0m] Started Permit User Sessions.
[[0;32m  OK  [0m] Started LSB: Set the CPU Frequency Scaling governor to "ondemand".
         Starting Terminate Plymouth Boot Screen...
         Starting Hold until boot process finishes up...
[[0;32m  OK  [0m] Started Terminate Plymouth Boot Screen.
[[0;32m  OK  [0m] Started LXD - container startup/shutdown.
[[0;32m  OK  [0m] Started LSB: automatic crash report generation.
[[0;32m  OK  [0m] Started Hold until boot process finishes up.
[[0;32m  OK  [0m] Started LSB: daemon to balance interrupts for SMP systems.
[[0;32m  OK  [0m] Started Getty on tty1.
[[0;32m  OK  [0m] Started Serial Getty on ttyS0.
[[0;32m  OK  [0m] Reached target Login Prompts.
         Starting Set console scheme...
[[0;32m  OK  [0m] Started Snappy daemon.
[[0;32m  OK  [0m] Started Set console scheme.
         Starting Wait until snapd is fully seeded...
[[0;32m  OK  [0m] Started Wait until snapd is fully seeded.
[[0;32m  OK  [0m] Reached target Multi-User System.
[[0;32m  OK  [0m] Reached target Graphical Interface.
         Starting Update UTMP about System Runlevel Changes...
         Starting Apply the settings specified in cloud-config...
[[0;32m  OK  [0m] Started Update UTMP about System Runlevel Changes.
[   22.487459] cloud-init[1319]: Cloud-init v. 18.4-0ubuntu1~16.04.2 running 'modules:config' at Sun, 16 Dec 2018 17:19:00 +0000. Up 22.39 seconds.
[[0;32m  OK  [0m] Started Apply the settings specified in cloud-config.
         Starting Execute cloud user/final scripts...
[   23.020665] cloud-init[1329]: Cloud-init v. 18.4-0ubuntu1~16.04.2 running 'modules:final' at Sun, 16 Dec 2018 17:19:01 +0000. Up 22.92 seconds.
[   23.032939] cloud-init[1329]: Cloud-init v. 18.4-0ubuntu1~16.04.2 finished at Sun, 16 Dec 2018 17:19:01 +0000. Datasource DataSourceNoCloud [seed=/dev/sdb][dsmode=net].  Up 23.01 seconds
[[0;32m  OK  [0m] Started Execute cloud user/final scripts.
[[0;32m  OK  [0m] Reached target Cloud-init target.

Ubuntu 16.04.5 LTS ansible-docker-nginx ttyS0

ansible-docker-nginx login: 